<?xml version="1.0" encoding="UTF-8" ?>
<testsuite 
errors="0" failures="0" hostname="localhost.localdomain" name="com.example.TestSuite" tests="1" time="0.039" timestamp="2014-07-16T16:59:07">
  <properties>
    <property name="java.runtime.name" value="Java(TM) SE Runtime Environment">
    </property>
    <property 
    name="sun.boot.library.path" value="/usr/java/jdk1.7.0_25/jre/lib/amd64">
</property>
    <property name="java.vm.version" value="23.25-b01"> </property>
    <property name="java.vm.vendor" value="Oracle Corporation"> </property>
    <property name="java.vendor.url" value="http://java.oracle.com/">
    </property>
    <property name="path.separator" value=":"> </property>
    <property name="java.vm.name" value="Java HotSpot(TM) 64-Bit Server VM">
    </property>
    <property name="file.encoding.pkg" value="sun.io"> </property>
    <property name="user.country" value="US"> </property>
    <property name="sun.java.launcher" value="SUN_STANDARD"> </property>
    <property name="sun.os.patch.level" value="unknown"> </property>
    <property 
    name="java.vm.specification.name" value="Java Virtual Machine Specification">
</property>
    <property name="user.dir" value="/home/dc/TestKafka/TestKafkaScalaMaven">
    </property>
    <property name="java.runtime.version" value="1.7.0_25-b15"> </property>
    <property 
    name="java.awt.graphicsenv" value="sun.awt.X11GraphicsEnvironment">
</property>
    <property name="basedir" value="/home/dc/TestKafka/TestKafkaScalaMaven">
    </property>
    <property 
    name="java.endorsed.dirs" value="/usr/java/jdk1.7.0_25/jre/lib/endorsed">
</property>
    <property name="os.arch" value="amd64"> </property>
    <property name="java.io.tmpdir" value="/tmp"> </property>
    <property name="line.separator" value=" "> </property>
    <property name="java.vm.specification.vendor" value="Oracle Corporation">
    </property>
    <property name="os.name" value="Linux"> </property>
    <property name="sun.jnu.encoding" value="UTF-8"> </property>
    <property 
    name="java.library.path" value="/usr/java/packages/lib/amd64:/usr/lib64:/lib64:/lib:/usr/lib">
</property>
    <property 
    name="java.specification.name" value="Java Platform API Specification">
</property>
    <property name="java.class.version" value="51.0"> </property>
    <property 
    name="sun.management.compiler" value="HotSpot 64-Bit Tiered Compilers">
</property>
    <property name="os.version" value="2.6.32-431.20.3.el6.x86_64"> </property>
    <property name="user.home" value="/home/dc"> </property>
    <property name="user.timezone" value=""> </property>
    <property name="java.awt.printerjob" value="sun.print.PSPrinterJob">
    </property>
    <property name="file.encoding" value="UTF-8"> </property>
    <property name="java.specification.version" value="1.7"> </property>
    <property name="user.name" value="dc"> </property>
    <property 
    name="java.class.path" value="/home/dc/TestKafka/TestKafkaScalaMaven/target/test-classes:/home/dc/TestKafka/TestKafkaScalaMaven/target/classes:/home/dc/.m2/repository/org/scala-lang/scala-library/2.10.0/scala-library-2.10.0.jar:/home/dc/.m2/repository/org/scalatest/scalatest_2.10/2.0.M5b/scalatest_2.10-2.0.M5b.jar:/home/dc/.m2/repository/org/slf4j/slf4j-api/1.7.7/slf4j-api-1.7.7.jar:/home/dc/.m2/repository/org/slf4j/slf4j-simple/1.7.7/slf4j-simple-1.7.7.jar:/home/dc/.m2/repository/org/apache/spark/spark-core_2.10/0.9.1/spark-core_2.10-0.9.1.jar:/home/dc/.m2/repository/org/apache/hadoop/hadoop-client/1.0.4/hadoop-client-1.0.4.jar:/home/dc/.m2/repository/org/apache/hadoop/hadoop-core/1.0.4/hadoop-core-1.0.4.jar:/home/dc/.m2/repository/xmlenc/xmlenc/0.52/xmlenc-0.52.jar:/home/dc/.m2/repository/org/apache/commons/commons-math/2.1/commons-math-2.1.jar:/home/dc/.m2/repository/commons-configuration/commons-configuration/1.6/commons-configuration-1.6.jar:/home/dc/.m2/repository/commons-digester/commons-digester/1.8/commons-digester-1.8.jar:/home/dc/.m2/repository/commons-beanutils/commons-beanutils/1.7.0/commons-beanutils-1.7.0.jar:/home/dc/.m2/repository/commons-beanutils/commons-beanutils-core/1.8.0/commons-beanutils-core-1.8.0.jar:/home/dc/.m2/repository/commons-net/commons-net/1.4.1/commons-net-1.4.1.jar:/home/dc/.m2/repository/commons-el/commons-el/1.0/commons-el-1.0.jar:/home/dc/.m2/repository/hsqldb/hsqldb/1.8.0.10/hsqldb-1.8.0.10.jar:/home/dc/.m2/repository/oro/oro/2.0.8/oro-2.0.8.jar:/home/dc/.m2/repository/net/java/dev/jets3t/jets3t/0.7.1/jets3t-0.7.1.jar:/home/dc/.m2/repository/commons-codec/commons-codec/1.3/commons-codec-1.3.jar:/home/dc/.m2/repository/commons-logging/commons-logging/1.1.1/commons-logging-1.1.1.jar:/home/dc/.m2/repository/commons-httpclient/commons-httpclient/3.1/commons-httpclient-3.1.jar:/home/dc/.m2/repository/org/apache/avro/avro/1.7.4/avro-1.7.4.jar:/home/dc/.m2/repository/org/codehaus/jackson/jackson-core-asl/1.8.8/jackson-core-asl-1.8.8.jar:/home/dc/.m2/repository/com/thoughtworks/paranamer/paranamer/2.3/paranamer-2.3.jar:/home/dc/.m2/repository/org/apache/commons/commons-compress/1.4.1/commons-compress-1.4.1.jar:/home/dc/.m2/repository/org/tukaani/xz/1.0/xz-1.0.jar:/home/dc/.m2/repository/org/apache/avro/avro-ipc/1.7.4/avro-ipc-1.7.4.jar:/home/dc/.m2/repository/org/mortbay/jetty/jetty/6.1.26/jetty-6.1.26.jar:/home/dc/.m2/repository/org/mortbay/jetty/jetty-util/6.1.26/jetty-util-6.1.26.jar:/home/dc/.m2/repository/org/apache/velocity/velocity/1.7/velocity-1.7.jar:/home/dc/.m2/repository/commons-collections/commons-collections/3.2.1/commons-collections-3.2.1.jar:/home/dc/.m2/repository/commons-lang/commons-lang/2.4/commons-lang-2.4.jar:/home/dc/.m2/repository/org/mortbay/jetty/servlet-api/2.5-20081211/servlet-api-2.5-20081211.jar:/home/dc/.m2/repository/org/apache/zookeeper/zookeeper/3.4.5/zookeeper-3.4.5.jar:/home/dc/.m2/repository/jline/jline/0.9.94/jline-0.9.94.jar:/home/dc/.m2/repository/junit/junit/3.8.1/junit-3.8.1.jar:/home/dc/.m2/repository/org/eclipse/jetty/jetty-server/7.6.8.v20121106/jetty-server-7.6.8.v20121106.jar:/home/dc/.m2/repository/org/eclipse/jetty/orbit/javax.servlet/2.5.0.v201103041518/javax.servlet-2.5.0.v201103041518.jar:/home/dc/.m2/repository/org/eclipse/jetty/jetty-continuation/7.6.8.v20121106/jetty-continuation-7.6.8.v20121106.jar:/home/dc/.m2/repository/org/eclipse/jetty/jetty-http/7.6.8.v20121106/jetty-http-7.6.8.v20121106.jar:/home/dc/.m2/repository/org/eclipse/jetty/jetty-io/7.6.8.v20121106/jetty-io-7.6.8.v20121106.jar:/home/dc/.m2/repository/org/eclipse/jetty/jetty-util/7.6.8.v20121106/jetty-util-7.6.8.v20121106.jar:/home/dc/.m2/repository/com/google/guava/guava/14.0.1/guava-14.0.1.jar:/home/dc/.m2/repository/com/google/code/findbugs/jsr305/1.3.9/jsr305-1.3.9.jar:/home/dc/.m2/repository/com/ning/compress-lzf/1.0.0/compress-lzf-1.0.0.jar:/home/dc/.m2/repository/org/xerial/snappy/snappy-java/1.0.5/snappy-java-1.0.5.jar:/home/dc/.m2/repository/com/twitter/chill_2.10/0.3.1/chill_2.10-0.3.1.jar:/home/dc/.m2/repository/com/esotericsoftware/kryo/kryo/2.21/kryo-2.21.jar:/home/dc/.m2/repository/com/esotericsoftware/reflectasm/reflectasm/1.07/reflectasm-1.07-shaded.jar:/home/dc/.m2/repository/org/ow2/asm/asm/4.0/asm-4.0.jar:/home/dc/.m2/repository/com/esotericsoftware/minlog/minlog/1.2/minlog-1.2.jar:/home/dc/.m2/repository/org/objenesis/objenesis/1.2/objenesis-1.2.jar:/home/dc/.m2/repository/org/ow2/asm/asm-commons/4.0/asm-commons-4.0.jar:/home/dc/.m2/repository/org/ow2/asm/asm-tree/4.0/asm-tree-4.0.jar:/home/dc/.m2/repository/com/twitter/chill-java/0.3.1/chill-java-0.3.1.jar:/home/dc/.m2/repository/org/spark-project/akka/akka-remote_2.10/2.2.3-shaded-protobuf/akka-remote_2.10-2.2.3-shaded-protobuf.jar:/home/dc/.m2/repository/org/spark-project/akka/akka-actor_2.10/2.2.3-shaded-protobuf/akka-actor_2.10-2.2.3-shaded-protobuf.jar:/home/dc/.m2/repository/com/typesafe/config/1.0.2/config-1.0.2.jar:/home/dc/.m2/repository/io/netty/netty/3.6.6.Final/netty-3.6.6.Final.jar:/home/dc/.m2/repository/org/spark-project/protobuf/protobuf-java/2.4.1-shaded/protobuf-java-2.4.1-shaded.jar:/home/dc/.m2/repository/org/uncommons/maths/uncommons-maths/1.2.2a/uncommons-maths-1.2.2a.jar:/home/dc/.m2/repository/org/spark-project/akka/akka-slf4j_2.10/2.2.3-shaded-protobuf/akka-slf4j_2.10-2.2.3-shaded-protobuf.jar:/home/dc/.m2/repository/net/liftweb/lift-json_2.10/2.5.1/lift-json_2.10-2.5.1.jar:/home/dc/.m2/repository/it/unimi/dsi/fastutil/6.4.4/fastutil-6.4.4.jar:/home/dc/.m2/repository/colt/colt/1.2.0/colt-1.2.0.jar:/home/dc/.m2/repository/concurrent/concurrent/1.3.4/concurrent-1.3.4.jar:/home/dc/.m2/repository/org/apache/mesos/mesos/0.13.0/mesos-0.13.0.jar:/home/dc/.m2/repository/com/google/protobuf/protobuf-java/2.4.1/protobuf-java-2.4.1.jar:/home/dc/.m2/repository/io/netty/netty-all/4.0.13.Final/netty-all-4.0.13.Final.jar:/home/dc/.m2/repository/log4j/log4j/1.2.17/log4j-1.2.17.jar:/home/dc/.m2/repository/com/clearspring/analytics/stream/2.4.0/stream-2.4.0.jar:/home/dc/.m2/repository/com/codahale/metrics/metrics-core/3.0.0/metrics-core-3.0.0.jar:/home/dc/.m2/repository/com/codahale/metrics/metrics-jvm/3.0.0/metrics-jvm-3.0.0.jar:/home/dc/.m2/repository/com/codahale/metrics/metrics-json/3.0.0/metrics-json-3.0.0.jar:/home/dc/.m2/repository/com/fasterxml/jackson/core/jackson-databind/2.2.2/jackson-databind-2.2.2.jar:/home/dc/.m2/repository/com/fasterxml/jackson/core/jackson-annotations/2.2.2/jackson-annotations-2.2.2.jar:/home/dc/.m2/repository/com/fasterxml/jackson/core/jackson-core/2.2.2/jackson-core-2.2.2.jar:/home/dc/.m2/repository/com/codahale/metrics/metrics-graphite/3.0.0/metrics-graphite-3.0.0.jar:/home/dc/.m2/repository/org/slf4j/slf4j-log4j12/1.7.2/slf4j-log4j12-1.7.2.jar:/home/dc/.m2/repository/org/apache/spark/spark-streaming_2.10/0.9.1/spark-streaming_2.10-0.9.1.jar:/home/dc/.m2/repository/org/codehaus/jackson/jackson-mapper-asl/1.9.11/jackson-mapper-asl-1.9.11.jar:/home/dc/.m2/repository/commons-io/commons-io/2.4/commons-io-2.4.jar:/home/dc/.m2/repository/org/apache/spark/spark-streaming-kafka_2.10/0.9.1/spark-streaming-kafka_2.10-0.9.1.jar:/home/dc/.m2/repository/org/apache/kafka/kafka_2.10/0.8.0/kafka_2.10-0.8.0.jar:/home/dc/.m2/repository/org/scala-lang/scala-compiler/2.10.1/scala-compiler-2.10.1.jar:/home/dc/.m2/repository/org/scala-lang/scala-reflect/2.10.1/scala-reflect-2.10.1.jar:/home/dc/.m2/repository/com/101tec/zkclient/0.3/zkclient-0.3.jar:/home/dc/.m2/repository/com/yammer/metrics/metrics-core/2.2.0/metrics-core-2.2.0.jar:/home/dc/.m2/repository/com/yammer/metrics/metrics-annotation/2.2.0/metrics-annotation-2.2.0.jar:/home/dc/.m2/repository/org/apache/spark/spark-streaming-twitter_2.10/0.9.1/spark-streaming-twitter_2.10-0.9.1.jar:/home/dc/.m2/repository/org/twitter4j/twitter4j-stream/3.0.3/twitter4j-stream-3.0.3.jar:/home/dc/.m2/repository/org/twitter4j/twitter4j-core/3.0.3/twitter4j-core-3.0.3.jar">
</property>
    <property name="java.vm.specification.version" value="1.7"> </property>
    <property name="sun.arch.data.model" value="64"> </property>
    <property name="java.home" value="/usr/java/jdk1.7.0_25/jre"> </property>
    <property 
    name="sun.java.command" value="org.scalatest.tools.Runner -R /home/dc/TestKafka/TestKafkaScalaMaven/target/classes /home/dc/TestKafka/TestKafkaScalaMaven/target/test-classes -o -f /home/dc/scalaodersky/codingbat/surefire-reports/TestSuite.txt -u /home/dc/scalaodersky/codingbat/surefire-reports/.">
</property>
    <property name="java.specification.vendor" value="Oracle Corporation">
    </property>
    <property name="user.language" value="en"> </property>
    <property name="awt.toolkit" value="sun.awt.X11.XToolkit"> </property>
    <property name="java.vm.info" value="mixed mode"> </property>
    <property name="java.version" value="1.7.0_25"> </property>
    <property 
    name="java.ext.dirs" value="/usr/java/jdk1.7.0_25/jre/lib/ext:/usr/java/packages/lib/ext">
</property>
    <property 
    name="sun.boot.class.path" value="/usr/java/jdk1.7.0_25/jre/lib/resources.jar:/usr/java/jdk1.7.0_25/jre/lib/rt.jar:/usr/java/jdk1.7.0_25/jre/lib/sunrsasign.jar:/usr/java/jdk1.7.0_25/jre/lib/jsse.jar:/usr/java/jdk1.7.0_25/jre/lib/jce.jar:/usr/java/jdk1.7.0_25/jre/lib/charsets.jar:/usr/java/jdk1.7.0_25/jre/lib/jfr.jar:/usr/java/jdk1.7.0_25/jre/classes">
</property>
    <property name="java.vendor" value="Oracle Corporation"> </property>
    <property name="file.separator" value="/"> </property>
    <property 
    name="java.vendor.url.bug" value="http://bugreport.sun.com/bugreport/">
</property>
    <property name="sun.cpu.endian" value="little"> </property>
    <property name="sun.io.unicode.encoding" value="UnicodeLittle"> </property>
    <property name="sun.desktop" value="gnome"> </property>
    <property name="sun.cpu.isalist" value=""> </property>
  </properties>
  <testcase 
  name="testing testmethod" classname="com.example.TestSuite" time="0.023">
</testcase>
  <system-out><![CDATA[]]></system-out>
  <system-err><![CDATA[]]></system-err>
</testsuite>
