<?xml version="1.0" encoding="UTF-8" ?>
<testsuite 
errors="0" failures="0" hostname="localhost.localdomain" name="org.scalatest.tools.DiscoverySuite" tests="0" time="0.149" timestamp="2014-07-13T14:23:32">
  <properties>
    <property name="java.runtime.name" value="Java(TM) SE Runtime Environment">
    </property>
    <property 
    name="sun.boot.library.path" value="/usr/java/jdk1.7.0_25/jre/lib/amd64">
</property>
    <property name="java.vm.version" value="23.25-b01"> </property>
    <property name="java.vm.vendor" value="Oracle Corporation"> </property>
    <property name="java.vendor.url" value="http://java.oracle.com/">
    </property>
    <property name="path.separator" value=":"> </property>
    <property name="java.vm.name" value="Java HotSpot(TM) 64-Bit Server VM">
    </property>
    <property name="file.encoding.pkg" value="sun.io"> </property>
    <property name="user.country" value="US"> </property>
    <property name="sun.java.launcher" value="SUN_STANDARD"> </property>
    <property name="sun.os.patch.level" value="unknown"> </property>
    <property 
    name="java.vm.specification.name" value="Java Virtual Machine Specification">
</property>
    <property name="user.dir" value="/home/dc/TestScalatest"> </property>
    <property name="java.runtime.version" value="1.7.0_25-b15"> </property>
    <property 
    name="java.awt.graphicsenv" value="sun.awt.X11GraphicsEnvironment">
</property>
    <property name="basedir" value="/home/dc/TestScalatest"> </property>
    <property 
    name="java.endorsed.dirs" value="/usr/java/jdk1.7.0_25/jre/lib/endorsed">
</property>
    <property name="os.arch" value="amd64"> </property>
    <property name="java.io.tmpdir" value="/tmp"> </property>
    <property name="line.separator" value=" "> </property>
    <property name="java.vm.specification.vendor" value="Oracle Corporation">
    </property>
    <property name="os.name" value="Linux"> </property>
    <property name="sun.jnu.encoding" value="UTF-8"> </property>
    <property 
    name="java.library.path" value="/usr/java/packages/lib/amd64:/usr/lib64:/lib64:/lib:/usr/lib">
</property>
    <property 
    name="java.specification.name" value="Java Platform API Specification">
</property>
    <property name="java.class.version" value="51.0"> </property>
    <property 
    name="sun.management.compiler" value="HotSpot 64-Bit Tiered Compilers">
</property>
    <property name="os.version" value="2.6.32-431.20.3.el6.x86_64"> </property>
    <property name="user.home" value="/home/dc"> </property>
    <property name="user.timezone" value=""> </property>
    <property name="java.awt.printerjob" value="sun.print.PSPrinterJob">
    </property>
    <property name="file.encoding" value="UTF-8"> </property>
    <property name="java.specification.version" value="1.7"> </property>
    <property name="user.name" value="dc"> </property>
    <property 
    name="java.class.path" value="/home/dc/TestScalatest/target/test-classes:/home/dc/TestScalatest/target/classes:/home/dc/.m2/repository/junit/junit/3.8.1/junit-3.8.1.jar:/home/dc/.m2/repository/org/scala-lang/scala-library/2.10.0/scala-library-2.10.0.jar:/home/dc/.m2/repository/org/scalatest/scalatest_2.10/2.0.M5b/scalatest_2.10-2.0.M5b.jar">
</property>
    <property name="java.vm.specification.version" value="1.7"> </property>
    <property name="sun.arch.data.model" value="64"> </property>
    <property name="java.home" value="/usr/java/jdk1.7.0_25/jre"> </property>
    <property 
    name="sun.java.command" value="org.scalatest.tools.Runner -R /home/dc/TestScalatest/target/classes /home/dc/TestScalatest/target/test-classes -o -f /home/dc/scalaodersky/codingbat/surefire-reports/TestSuite.txt -u /home/dc/scalaodersky/codingbat/surefire-reports/.">
</property>
    <property name="java.specification.vendor" value="Oracle Corporation">
    </property>
    <property name="user.language" value="en"> </property>
    <property name="awt.toolkit" value="sun.awt.X11.XToolkit"> </property>
    <property name="java.vm.info" value="mixed mode"> </property>
    <property name="java.version" value="1.7.0_25"> </property>
    <property 
    name="java.ext.dirs" value="/usr/java/jdk1.7.0_25/jre/lib/ext:/usr/java/packages/lib/ext">
</property>
    <property 
    name="sun.boot.class.path" value="/usr/java/jdk1.7.0_25/jre/lib/resources.jar:/usr/java/jdk1.7.0_25/jre/lib/rt.jar:/usr/java/jdk1.7.0_25/jre/lib/sunrsasign.jar:/usr/java/jdk1.7.0_25/jre/lib/jsse.jar:/usr/java/jdk1.7.0_25/jre/lib/jce.jar:/usr/java/jdk1.7.0_25/jre/lib/charsets.jar:/usr/java/jdk1.7.0_25/jre/lib/jfr.jar:/usr/java/jdk1.7.0_25/jre/classes">
</property>
    <property name="java.vendor" value="Oracle Corporation"> </property>
    <property name="file.separator" value="/"> </property>
    <property 
    name="java.vendor.url.bug" value="http://bugreport.sun.com/bugreport/">
</property>
    <property name="sun.cpu.endian" value="little"> </property>
    <property name="sun.io.unicode.encoding" value="UnicodeLittle"> </property>
    <property name="sun.desktop" value="gnome"> </property>
    <property name="sun.cpu.isalist" value=""> </property>
  </properties>
  <system-out><![CDATA[]]></system-out>
  <system-err><![CDATA[]]></system-err>
</testsuite>
