<?xml version="1.0" encoding="UTF-8" ?>
<testsuite 
errors="0" failures="1" hostname="localhost.localdomain" name="com.example.memcached.TestNettyClientSuite" tests="1" time="6.305" timestamp="2014-08-22T17:17:46">
  <properties>
    <property name="java.runtime.name" value="Java(TM) SE Runtime Environment">
    </property>
    <property 
    name="sun.boot.library.path" value="/usr/java/jdk1.7.0_25/jre/lib/amd64">
</property>
    <property name="java.vm.version" value="23.25-b01"> </property>
    <property name="java.vm.vendor" value="Oracle Corporation"> </property>
    <property name="java.vendor.url" value="http://java.oracle.com/">
    </property>
    <property name="path.separator" value=":"> </property>
    <property name="java.vm.name" value="Java HotSpot(TM) 64-Bit Server VM">
    </property>
    <property name="file.encoding.pkg" value="sun.io"> </property>
    <property name="user.country" value="US"> </property>
    <property name="sun.java.launcher" value="SUN_STANDARD"> </property>
    <property name="sun.os.patch.level" value="unknown"> </property>
    <property 
    name="java.vm.specification.name" value="Java Virtual Machine Specification">
</property>
    <property name="user.dir" value="/home/dc/scalaodersky/memcached">
    </property>
    <property name="java.runtime.version" value="1.7.0_25-b15"> </property>
    <property 
    name="java.awt.graphicsenv" value="sun.awt.X11GraphicsEnvironment">
</property>
    <property name="basedir" value="/home/dc/scalaodersky/memcached">
    </property>
    <property 
    name="java.endorsed.dirs" value="/usr/java/jdk1.7.0_25/jre/lib/endorsed">
</property>
    <property name="os.arch" value="amd64"> </property>
    <property name="java.io.tmpdir" value="/tmp"> </property>
    <property name="line.separator" value=" "> </property>
    <property name="java.vm.specification.vendor" value="Oracle Corporation">
    </property>
    <property name="os.name" value="Linux"> </property>
    <property name="sun.jnu.encoding" value="UTF-8"> </property>
    <property 
    name="java.library.path" value="/usr/java/packages/lib/amd64:/usr/lib64:/lib64:/lib:/usr/lib">
</property>
    <property 
    name="java.specification.name" value="Java Platform API Specification">
</property>
    <property name="java.class.version" value="51.0"> </property>
    <property 
    name="sun.management.compiler" value="HotSpot 64-Bit Tiered Compilers">
</property>
    <property name="os.version" value="2.6.32-431.20.3.el6.x86_64"> </property>
    <property name="user.home" value="/home/dc"> </property>
    <property name="user.timezone" value=""> </property>
    <property name="java.awt.printerjob" value="sun.print.PSPrinterJob">
    </property>
    <property name="file.encoding" value="UTF-8"> </property>
    <property name="java.specification.version" value="1.7"> </property>
    <property name="user.name" value="dc"> </property>
    <property 
    name="java.class.path" value="/home/dc/scalaodersky/memcached/target/test-classes:/home/dc/scalaodersky/memcached/target/classes:/home/dc/.m2/repository/junit/junit/3.8.1/junit-3.8.1.jar:/home/dc/.m2/repository/org/scala-lang/scala-library/2.10.0/scala-library-2.10.0.jar:/home/dc/.m2/repository/org/scalatest/scalatest_2.10/2.0.M5b/scalatest_2.10-2.0.M5b.jar:/home/dc/.m2/repository/org/apache/hadoop/hadoop-common/2.3.0/hadoop-common-2.3.0.jar:/home/dc/.m2/repository/org/apache/hadoop/hadoop-annotations/2.3.0/hadoop-annotations-2.3.0.jar:/usr/java/jdk1.7.0_25/jre/../lib/tools.jar:/home/dc/.m2/repository/com/google/guava/guava/11.0.2/guava-11.0.2.jar:/home/dc/.m2/repository/commons-cli/commons-cli/1.2/commons-cli-1.2.jar:/home/dc/.m2/repository/org/apache/commons/commons-math3/3.1.1/commons-math3-3.1.1.jar:/home/dc/.m2/repository/xmlenc/xmlenc/0.52/xmlenc-0.52.jar:/home/dc/.m2/repository/commons-httpclient/commons-httpclient/3.1/commons-httpclient-3.1.jar:/home/dc/.m2/repository/commons-codec/commons-codec/1.4/commons-codec-1.4.jar:/home/dc/.m2/repository/commons-io/commons-io/2.4/commons-io-2.4.jar:/home/dc/.m2/repository/commons-net/commons-net/3.1/commons-net-3.1.jar:/home/dc/.m2/repository/commons-collections/commons-collections/3.2.1/commons-collections-3.2.1.jar:/home/dc/.m2/repository/javax/servlet/servlet-api/2.5/servlet-api-2.5.jar:/home/dc/.m2/repository/org/mortbay/jetty/jetty/6.1.26/jetty-6.1.26.jar:/home/dc/.m2/repository/org/mortbay/jetty/jetty-util/6.1.26/jetty-util-6.1.26.jar:/home/dc/.m2/repository/com/sun/jersey/jersey-core/1.9/jersey-core-1.9.jar:/home/dc/.m2/repository/com/sun/jersey/jersey-json/1.9/jersey-json-1.9.jar:/home/dc/.m2/repository/org/codehaus/jettison/jettison/1.1/jettison-1.1.jar:/home/dc/.m2/repository/com/sun/xml/bind/jaxb-impl/2.2.3-1/jaxb-impl-2.2.3-1.jar:/home/dc/.m2/repository/javax/xml/bind/jaxb-api/2.2.2/jaxb-api-2.2.2.jar:/home/dc/.m2/repository/javax/xml/stream/stax-api/1.0-2/stax-api-1.0-2.jar:/home/dc/.m2/repository/javax/activation/activation/1.1/activation-1.1.jar:/home/dc/.m2/repository/org/codehaus/jackson/jackson-jaxrs/1.8.3/jackson-jaxrs-1.8.3.jar:/home/dc/.m2/repository/org/codehaus/jackson/jackson-xc/1.8.3/jackson-xc-1.8.3.jar:/home/dc/.m2/repository/com/sun/jersey/jersey-server/1.9/jersey-server-1.9.jar:/home/dc/.m2/repository/asm/asm/3.1/asm-3.1.jar:/home/dc/.m2/repository/tomcat/jasper-compiler/5.5.23/jasper-compiler-5.5.23.jar:/home/dc/.m2/repository/tomcat/jasper-runtime/5.5.23/jasper-runtime-5.5.23.jar:/home/dc/.m2/repository/javax/servlet/jsp/jsp-api/2.1/jsp-api-2.1.jar:/home/dc/.m2/repository/commons-el/commons-el/1.0/commons-el-1.0.jar:/home/dc/.m2/repository/commons-logging/commons-logging/1.1.3/commons-logging-1.1.3.jar:/home/dc/.m2/repository/log4j/log4j/1.2.17/log4j-1.2.17.jar:/home/dc/.m2/repository/net/java/dev/jets3t/jets3t/0.9.0/jets3t-0.9.0.jar:/home/dc/.m2/repository/org/apache/httpcomponents/httpclient/4.1.2/httpclient-4.1.2.jar:/home/dc/.m2/repository/org/apache/httpcomponents/httpcore/4.1.2/httpcore-4.1.2.jar:/home/dc/.m2/repository/com/jamesmurty/utils/java-xmlbuilder/0.4/java-xmlbuilder-0.4.jar:/home/dc/.m2/repository/commons-lang/commons-lang/2.6/commons-lang-2.6.jar:/home/dc/.m2/repository/commons-configuration/commons-configuration/1.6/commons-configuration-1.6.jar:/home/dc/.m2/repository/commons-digester/commons-digester/1.8/commons-digester-1.8.jar:/home/dc/.m2/repository/commons-beanutils/commons-beanutils/1.7.0/commons-beanutils-1.7.0.jar:/home/dc/.m2/repository/commons-beanutils/commons-beanutils-core/1.8.0/commons-beanutils-core-1.8.0.jar:/home/dc/.m2/repository/org/slf4j/slf4j-api/1.7.5/slf4j-api-1.7.5.jar:/home/dc/.m2/repository/org/slf4j/slf4j-log4j12/1.7.5/slf4j-log4j12-1.7.5.jar:/home/dc/.m2/repository/org/codehaus/jackson/jackson-core-asl/1.8.8/jackson-core-asl-1.8.8.jar:/home/dc/.m2/repository/org/codehaus/jackson/jackson-mapper-asl/1.8.8/jackson-mapper-asl-1.8.8.jar:/home/dc/.m2/repository/org/apache/avro/avro/1.7.4/avro-1.7.4.jar:/home/dc/.m2/repository/com/thoughtworks/paranamer/paranamer/2.3/paranamer-2.3.jar:/home/dc/.m2/repository/org/xerial/snappy/snappy-java/1.0.4.1/snappy-java-1.0.4.1.jar:/home/dc/.m2/repository/com/google/protobuf/protobuf-java/2.5.0/protobuf-java-2.5.0.jar:/home/dc/.m2/repository/org/apache/hadoop/hadoop-auth/2.3.0/hadoop-auth-2.3.0.jar:/home/dc/.m2/repository/com/jcraft/jsch/0.1.42/jsch-0.1.42.jar:/home/dc/.m2/repository/com/google/code/findbugs/jsr305/1.3.9/jsr305-1.3.9.jar:/home/dc/.m2/repository/org/apache/zookeeper/zookeeper/3.4.5/zookeeper-3.4.5.jar:/home/dc/.m2/repository/org/apache/commons/commons-compress/1.4.1/commons-compress-1.4.1.jar:/home/dc/.m2/repository/org/tukaani/xz/1.0/xz-1.0.jar:/home/dc/.m2/repository/org/apache/hadoop/hadoop-client/2.3.0/hadoop-client-2.3.0.jar:/home/dc/.m2/repository/org/apache/hadoop/hadoop-hdfs/2.3.0/hadoop-hdfs-2.3.0.jar:/home/dc/.m2/repository/org/apache/hadoop/hadoop-mapreduce-client-app/2.3.0/hadoop-mapreduce-client-app-2.3.0.jar:/home/dc/.m2/repository/org/apache/hadoop/hadoop-mapreduce-client-common/2.3.0/hadoop-mapreduce-client-common-2.3.0.jar:/home/dc/.m2/repository/org/apache/hadoop/hadoop-yarn-client/2.3.0/hadoop-yarn-client-2.3.0.jar:/home/dc/.m2/repository/org/apache/hadoop/hadoop-yarn-server-common/2.3.0/hadoop-yarn-server-common-2.3.0.jar:/home/dc/.m2/repository/org/apache/hadoop/hadoop-mapreduce-client-shuffle/2.3.0/hadoop-mapreduce-client-shuffle-2.3.0.jar:/home/dc/.m2/repository/org/apache/hadoop/hadoop-yarn-api/2.3.0/hadoop-yarn-api-2.3.0.jar:/home/dc/.m2/repository/org/apache/hadoop/hadoop-mapreduce-client-core/2.3.0/hadoop-mapreduce-client-core-2.3.0.jar:/home/dc/.m2/repository/org/apache/hadoop/hadoop-yarn-common/2.3.0/hadoop-yarn-common-2.3.0.jar:/home/dc/.m2/repository/org/apache/hadoop/hadoop-mapreduce-client-jobclient/2.3.0/hadoop-mapreduce-client-jobclient-2.3.0.jar:/home/dc/.m2/repository/ch/qos/logback/logback-classic/1.0.13/logback-classic-1.0.13.jar:/home/dc/.m2/repository/ch/qos/logback/logback-core/1.0.13/logback-core-1.0.13.jar:/home/dc/.m2/repository/io/netty/netty-all/4.0.9.Final/netty-all-4.0.9.Final.jar">
</property>
    <property name="java.vm.specification.version" value="1.7"> </property>
    <property name="sun.arch.data.model" value="64"> </property>
    <property name="java.home" value="/usr/java/jdk1.7.0_25/jre"> </property>
    <property 
    name="sun.java.command" value="org.scalatest.tools.Runner -R /home/dc/scalaodersky/memcached/target/classes /home/dc/scalaodersky/memcached/target/test-classes -o -f /home/dc/scalaodersky/codingbat/surefire-reports/TestSuite.txt -u /home/dc/scalaodersky/codingbat/surefire-reports/.">
</property>
    <property name="java.specification.vendor" value="Oracle Corporation">
    </property>
    <property name="user.language" value="en"> </property>
    <property name="awt.toolkit" value="sun.awt.X11.XToolkit"> </property>
    <property name="java.vm.info" value="mixed mode"> </property>
    <property name="java.version" value="1.7.0_25"> </property>
    <property 
    name="java.ext.dirs" value="/usr/java/jdk1.7.0_25/jre/lib/ext:/usr/java/packages/lib/ext">
</property>
    <property 
    name="sun.boot.class.path" value="/usr/java/jdk1.7.0_25/jre/lib/resources.jar:/usr/java/jdk1.7.0_25/jre/lib/rt.jar:/usr/java/jdk1.7.0_25/jre/lib/sunrsasign.jar:/usr/java/jdk1.7.0_25/jre/lib/jsse.jar:/usr/java/jdk1.7.0_25/jre/lib/jce.jar:/usr/java/jdk1.7.0_25/jre/lib/charsets.jar:/usr/java/jdk1.7.0_25/jre/lib/jfr.jar:/usr/java/jdk1.7.0_25/jre/classes">
</property>
    <property name="java.vendor" value="Oracle Corporation"> </property>
    <property name="file.separator" value="/"> </property>
    <property 
    name="java.vendor.url.bug" value="http://bugreport.sun.com/bugreport/">
</property>
    <property name="sun.cpu.endian" value="little"> </property>
    <property name="sun.io.unicode.encoding" value="UnicodeLittle"> </property>
    <property name="sun.desktop" value="gnome"> </property>
    <property name="sun.cpu.isalist" value=""> </property>
  </properties>
  <testcase 
  name="test connections" classname="com.example.memcached.TestNettyClientSuite" time="6.29">
    <failure 
    message="Trying to access the future did timeout after 5 seconds" type="class java.lang.IllegalStateException">
      java.lang.IllegalStateException: Trying to access the future did timeout after 5 seconds
      at com.example.memcached.TestNettyClientSuite.await(TestNettyClientSuite.scala:37)
      at com.example.memcached.TestNettyClientSuite$$anonfun$1.apply$mcV$sp(TestNettyClientSuite.scala:19)
      at com.example.memcached.TestNettyClientSuite$$anonfun$1.apply(TestNettyClientSuite.scala:14)
      at com.example.memcached.TestNettyClientSuite$$anonfun$1.apply(TestNettyClientSuite.scala:14)
      at org.scalatest.FunSuite$$anon$1.apply(FunSuite.scala:1465)
      at org.scalatest.Suite$class.withFixture(Suite.scala:1099)
      at com.example.memcached.TestNettyClientSuite.withFixture(TestNettyClientSuite.scala:12)
      at org.scalatest.FunSuite$class.invokeWithFixture$1(FunSuite.scala:1462)
      at org.scalatest.FunSuite$$anonfun$runTest$1.apply(FunSuite.scala:1474)
      at org.scalatest.FunSuite$$anonfun$runTest$1.apply(FunSuite.scala:1474)
      at org.scalatest.SuperEngine.runTestImpl(Engine.scala:234)
      at org.scalatest.FunSuite$class.runTest(FunSuite.scala:1474)
      at com.example.memcached.TestNettyClientSuite.runTest(TestNettyClientSuite.scala:12)
      at org.scalatest.FunSuite$$anonfun$runTests$1.apply(FunSuite.scala:1506)
      at org.scalatest.FunSuite$$anonfun$runTests$1.apply(FunSuite.scala:1506)
      at org.scalatest.SuperEngine$$anonfun$traverseSubNodes$1$1.apply(Engine.scala:330)
      at org.scalatest.SuperEngine$$anonfun$traverseSubNodes$1$1.apply(Engine.scala:318)
      at scala.collection.immutable.List.foreach(List.scala:309)
      at org.scalatest.SuperEngine.traverseSubNodes$1(Engine.scala:318)
      at org.scalatest.SuperEngine.org$scalatest$SuperEngine$$runTestsInBranch(Engine.scala:313)
      at org.scalatest.SuperEngine.runTestsImpl(Engine.scala:394)
      at org.scalatest.FunSuite$class.runTests(FunSuite.scala:1506)
      at com.example.memcached.TestNettyClientSuite.runTests(TestNettyClientSuite.scala:12)
      at org.scalatest.Suite$class.run(Suite.scala:1426)
      at com.example.memcached.TestNettyClientSuite.org$scalatest$FunSuite$$super$run(TestNettyClientSuite.scala:12)
      at org.scalatest.FunSuite$$anonfun$run$1.apply(FunSuite.scala:1510)
      at org.scalatest.FunSuite$$anonfun$run$1.apply(FunSuite.scala:1510)
      at org.scalatest.SuperEngine.runImpl(Engine.scala:430)
      at org.scalatest.FunSuite$class.run(FunSuite.scala:1510)
      at com.example.memcached.TestNettyClientSuite.run(TestNettyClientSuite.scala:12)
      at org.scalatest.Suite$class.callExecuteOnSuite$1(Suite.scala:1507)
      at org.scalatest.Suite$$anonfun$runNestedSuites$1.apply(Suite.scala:1543)
      at org.scalatest.Suite$$anonfun$runNestedSuites$1.apply(Suite.scala:1541)
      at scala.collection.IndexedSeqOptimized$class.foreach(IndexedSeqOptimized.scala:33)
      at scala.collection.mutable.ArrayOps$ofRef.foreach(ArrayOps.scala:105)
      at org.scalatest.Suite$class.runNestedSuites(Suite.scala:1541)
      at org.scalatest.tools.DiscoverySuite.runNestedSuites(DiscoverySuite.scala:29)
      at org.scalatest.Suite$class.run(Suite.scala:1423)
      at org.scalatest.tools.DiscoverySuite.run(DiscoverySuite.scala:29)
      at org.scalatest.tools.SuiteRunner.run(SuiteRunner.scala:55)
      at org.scalatest.tools.Runner$$anonfun$doRunRunRunDaDoRunRun$3.apply(Runner.scala:2180)
      at org.scalatest.tools.Runner$$anonfun$doRunRunRunDaDoRunRun$3.apply(Runner.scala:2174)
      at scala.collection.immutable.List.foreach(List.scala:309)
      at org.scalatest.tools.Runner$.doRunRunRunDaDoRunRun(Runner.scala:2174)
      at org.scalatest.tools.Runner$$anonfun$runOptionallyWithPassFailReporter$2.apply(Runner.scala:850)
      at org.scalatest.tools.Runner$$anonfun$runOptionallyWithPassFailReporter$2.apply(Runner.scala:849)
      at org.scalatest.tools.Runner$.withClassLoaderAndDispatchReporter(Runner.scala:2221)
      at org.scalatest.tools.Runner$.runOptionallyWithPassFailReporter(Runner.scala:848)
      at org.scalatest.tools.Runner$.main(Runner.scala:686)
      at org.scalatest.tools.Runner.main(Runner.scala)
</failure>
</testcase>
  <system-out><![CDATA[]]></system-out>
  <system-err><![CDATA[]]></system-err>
</testsuite>
